<?xml version="1.0" encoding="UTF-8"?>
<!-- Generated by org.testng.reporters.JUnitXMLReporter -->
<testsuite hostname="NCS-040215RT07" name="Default test" tests="4" failures="0" timestamp="7 Aug 2018 10:07:48 GMT" time="105.375" errors="0">
  <testcase name="clickAgreeTest" time="9.006" classname="com.sat.test.TermsAndCondTest"/>
  <testcase name="clickEligibilityButtonTest" time="8.261" classname="com.sat.test.HomePageTest"/>
  <testcase name="searchButtonTest" time="9.427" classname="com.sat.test.HomePageTest"/>
  <testcase name="verifySitemapTest" time="8.613" classname="com.sat.test.HomePageTest"/>
</testsuite> <!-- Default test -->
