<?xml version="1.0" encoding="UTF-8"?>
<testng-results skipped="0" failed="0" total="1" passed="1">
  <reporter-output>
  </reporter-output>
  <suite name="Suite" duration-ms="94934" started-at="2018-10-08T07:46:13Z" finished-at="2018-10-08T07:47:48Z">
    <groups>
    </groups>
    <test name="Test" duration-ms="94934" started-at="2018-10-08T07:46:13Z" finished-at="2018-10-08T07:47:48Z">
      <class name="com.sat.test.SATHappyFlow">
        <test-method status="PASS" signature="setUp()[pri:0, instance:com.sat.test.SATHappyFlow@6f7fd0e6]" name="setUp" is-config="true" duration-ms="6454" started-at="2018-10-08T15:46:13Z" finished-at="2018-10-08T15:46:20Z">
          <reporter-output>
          </reporter-output>
        </test-method> <!-- setUp -->
        <test-method status="PASS" signature="clickAgreeTest()[pri:0, instance:com.sat.test.SATHappyFlow@6f7fd0e6]" name="clickAgreeTest" duration-ms="88460" started-at="2018-10-08T15:46:20Z" finished-at="2018-10-08T15:47:48Z">
          <reporter-output>
          </reporter-output>
        </test-method> <!-- clickAgreeTest -->
        <test-method status="PASS" signature="tearDown()[pri:0, instance:com.sat.test.SATHappyFlow@6f7fd0e6]" name="tearDown" is-config="true" duration-ms="0" started-at="2018-10-08T15:47:48Z" finished-at="2018-10-08T15:47:48Z">
          <reporter-output>
          </reporter-output>
        </test-method> <!-- tearDown -->
      </class> <!-- com.sat.test.SATHappyFlow -->
    </test> <!-- Test -->
  </suite> <!-- Suite -->
</testng-results>
