<?xml version="1.0" encoding="UTF-8"?>
<testng-results skipped="0" failed="0" total="1" passed="1">
  <reporter-output>
  </reporter-output>
  <suite name="Suite" duration-ms="52518" started-at="2018-08-11T09:15:26Z" finished-at="2018-08-11T09:16:19Z">
    <groups>
    </groups>
    <test name="Test" duration-ms="52518" started-at="2018-08-11T09:15:26Z" finished-at="2018-08-11T09:16:19Z">
      <class name="com.sat.test.TermsAndCondTest">
        <test-method status="PASS" signature="setUp()[pri:0, instance:com.sat.test.TermsAndCondTest@28d25987]" name="setUp" is-config="true" duration-ms="6927" started-at="2018-08-11T17:15:26Z" finished-at="2018-08-11T17:15:33Z">
          <reporter-output>
          </reporter-output>
        </test-method> <!-- setUp -->
        <test-method status="PASS" signature="clickAgreeTest()[pri:0, instance:com.sat.test.TermsAndCondTest@28d25987]" name="clickAgreeTest" duration-ms="45551" started-at="2018-08-11T17:15:33Z" finished-at="2018-08-11T17:16:19Z">
          <reporter-output>
          </reporter-output>
        </test-method> <!-- clickAgreeTest -->
        <test-method status="PASS" signature="tearDown()[pri:0, instance:com.sat.test.TermsAndCondTest@28d25987]" name="tearDown" is-config="true" duration-ms="2" started-at="2018-08-11T17:16:19Z" finished-at="2018-08-11T17:16:19Z">
          <reporter-output>
          </reporter-output>
        </test-method> <!-- tearDown -->
      </class> <!-- com.sat.test.TermsAndCondTest -->
    </test> <!-- Test -->
  </suite> <!-- Suite -->
</testng-results>
